[2019-02-27 11:34:16.825] [sharedprocess] [info] main {"machineId":"7ec4cecb01dd51cd9c17d48f23dc109be2463b6657ae13ee0afcc39980c6d441"}
[2019-02-27 11:34:16.895] [sharedprocess] [info] Scanned user extensions: 0
[2019-02-27 11:34:16.914] [sharedprocess] [info] Scanned user extensions: 0
[2019-02-27 11:34:16.918] [sharedprocess] [info] Scanned user extensions: 0
[2019-02-27 11:34:16.987] [sharedprocess] [info] Scanned system extensions: 71
[2019-02-27 11:34:16.993] [sharedprocess] [info] Scanned system extensions: 71
[2019-02-27 11:34:16.997] [sharedprocess] [info] Scanned system extensions: 71
[2019-02-27 11:34:18.433] [sharedprocess] [info] Scanned user extensions: 0
[2019-02-27 11:34:37.645] [sharedprocess] [info] Scanned user extensions: 0
[2019-02-27 11:34:37.648] [sharedprocess] [info] Scanned user extensions: 0
[2019-02-27 11:34:37.831] [sharedprocess] [info] Scanned system extensions: 71
[2019-02-27 11:34:37.839] [sharedprocess] [info] Scanned system extensions: 71
[2019-02-27 11:34:39.915] [sharedprocess] [info] Scanned user extensions: 0
[2019-02-27 11:34:56.842] [sharedprocess] [info] Starting to clean up unused language packs.
[2019-02-27 11:39:40.002] [sharedprocess] [info] Scanned user extensions: 0
[2019-02-27 11:44:40.230] [sharedprocess] [info] Scanned user extensions: 0
[2019-02-27 11:49:40.246] [sharedprocess] [info] Scanned user extensions: 0
[2019-02-27 11:54:40.257] [sharedprocess] [info] Scanned user extensions: 0
[2019-02-27 11:59:40.272] [sharedprocess] [info] Scanned user extensions: 0
[2019-02-27 12:04:42.997] [sharedprocess] [info] Scanned user extensions: 0
[2019-02-27 12:07:47.615] [sharedprocess] [info] Scanned user extensions: 0
[2019-02-27 12:07:47.625] [sharedprocess] [info] Scanned user extensions: 0
[2019-02-27 12:07:47.791] [sharedprocess] [info] Scanned user extensions: 0
[2019-02-27 12:07:47.862] [sharedprocess] [info] Scanned user extensions: 0
[2019-02-27 12:07:49.510] [sharedprocess] [info] Scanned system extensions: 71
[2019-02-27 12:07:49.514] [sharedprocess] [info] Scanned system extensions: 71
[2019-02-27 12:07:49.518] [sharedprocess] [info] Scanned system extensions: 71
[2019-02-27 12:08:02.785] [sharedprocess] [info] Installing extension: dsznajder.es7-react-js-snippets
[2019-02-27 12:08:02.789] [sharedprocess] [info] Scanned user extensions: 0
[2019-02-27 12:08:03.418] [sharedprocess] [info] Downloaded extension: dsznajder.es7-react-js-snippets /tmp/4a6bf84b-df68-49f0-ac4b-0cbc625d4a3e
[2019-02-27 12:08:03.454] [sharedprocess] [info] Extracted extension to /root/.vscode/extensions/.dsznajder.es7-react-js-snippets-2.0.1: dsznajder.es7-react-js-snippets
[2019-02-27 12:08:03.454] [sharedprocess] [info] Renamed to /root/.vscode/extensions/dsznajder.es7-react-js-snippets-2.0.1
[2019-02-27 12:08:03.456] [sharedprocess] [info] Installation completed. dsznajder.es7-react-js-snippets
[2019-02-27 12:08:03.531] [sharedprocess] [info] Extensions installed successfully: dsznajder.es7-react-js-snippets
[2019-02-27 12:09:43.064] [sharedprocess] [info] Scanned user extensions: 1
[2019-02-27 12:14:43.075] [sharedprocess] [info] Scanned user extensions: 1
[2019-02-27 12:19:43.090] [sharedprocess] [info] Scanned user extensions: 1
[2019-02-27 12:24:43.106] [sharedprocess] [info] Scanned user extensions: 1
